-------------------------------------------------------------------------------
Test set: com.nnk.springboot.service.TradeServiceTest
-------------------------------------------------------------------------------
Tests run: 5, Failures: 1, Errors: 0, Skipped: 0, Time elapsed: 0.098 s <<< FAILURE! - in com.nnk.springboot.service.TradeServiceTest
getByIdFindExistingEntity  Time elapsed: 0 s  <<< FAILURE!
org.opentest4j.AssertionFailedError: expected: <account> but was: <null>
	at com.nnk.springboot.service.TradeServiceTest.getByIdFindExistingEntity(TradeServiceTest.java:44)

